<?xml version="1.0" encoding="UTF-8"?>
<testsuite xmlns:xsi="http://www.w3.org/2001/XMLSchema-instance" xsi:noNamespaceSchemaLocation="https://maven.apache.org/surefire/maven-surefire-plugin/xsd/surefire-test-report-3.0.xsd" version="3.0" name="BasePackage.TestRunner" time="1.138" tests="3" errors="0" skipped="0" failures="0">
  <properties>
[...]
</properties>
  <testcase name="Verify that registired user login to respective portal with valid credentials #1" classname="User Login" time="0.102">
    <system-out><![CDATA[
Scenario Outline: Verify that registired user login to respective portal with valid credentials &amp#27;[90m# src/test/resources/features/BaseLoginPage.feature:14&amp#27;[0m
This begining ScenarioVerify that registired user login to respective portal with valid credentials
Output1
  &amp#27;[32mGiven &amp#27;[0m&amp#27;[32muser is in the login page&amp#27;[0m                                                               &amp#27;[90m# StepDefinition.BaseLoginPage.user_is_in_the_login_page()&amp#27;[0m
Output2
  &amp#27;[32mWhen &amp#27;[0m&amp#27;[32muser enter the valid username &amp#27;[0m&amp#27;[32m&amp#27;[1mswathi@divum.in&amp#27;[0m                                            &amp#27;[90m# StepDefinition.BaseLoginPage.user_enter_the_valid_username(java.lang.String)&amp#27;[0m
Output3
  &amp#27;[32mAnd &amp#27;[0m&amp#27;[32mclick on login button&amp#27;[0m                                                                     &amp#27;[90m# StepDefinition.BaseLoginPage.click_on_login_button()&amp#27;[0m
Output4
  &amp#27;[32mAnd &amp#27;[0m&amp#27;[32menter the valid password &amp#27;[0m&amp#27;[32m&amp#27;[1mTest@12345&amp#27;[0m                                                       &amp#27;[90m# StepDefinition.BaseLoginPage.enter_the_valid_password(java.lang.String)&amp#27;[0m
Output3
  &amp#27;[32mAnd &amp#27;[0m&amp#27;[32mclick on login button&amp#27;[0m                                                                     &amp#27;[90m# StepDefinition.BaseLoginPage.click_on_login_button()&amp#27;[0m
Output6
  &amp#27;[32mThen &amp#27;[0m&amp#27;[32muser should lands on the Dashboard page&amp#27;[0m                                                  &amp#27;[90m# StepDefinition.BaseLoginPage.user_should_lands_on_the_dashboard_page()&amp#27;[0m
This Ending ScenarioVerify that registired user login to respective portal with valid credentials
]]></system-out>
  </testcase>
  <testcase name="Verify that registired user login to respective portal with valid credentials #2" classname="User Login" time="0.012">
    <system-out><![CDATA[
Scenario Outline: Verify that registired user login to respective portal with valid credentials &amp#27;[90m# src/test/resources/features/BaseLoginPage.feature:15&amp#27;[0m
This begining ScenarioVerify that registired user login to respective portal with valid credentials
Output1
  &amp#27;[32mGiven &amp#27;[0m&amp#27;[32muser is in the login page&amp#27;[0m                                                               &amp#27;[90m# StepDefinition.BaseLoginPage.user_is_in_the_login_page()&amp#27;[0m
Output2
  &amp#27;[32mWhen &amp#27;[0m&amp#27;[32muser enter the valid username &amp#27;[0m&amp#27;[32m&amp#27;[1msellerdevms@gmail.com&amp#27;[0m                                      &amp#27;[90m# StepDefinition.BaseLoginPage.user_enter_the_valid_username(java.lang.String)&amp#27;[0m
Output3
  &amp#27;[32mAnd &amp#27;[0m&amp#27;[32mclick on login button&amp#27;[0m                                                                     &amp#27;[90m# StepDefinition.BaseLoginPage.click_on_login_button()&amp#27;[0m
Output4
  &amp#27;[32mAnd &amp#27;[0m&amp#27;[32menter the valid password &amp#27;[0m&amp#27;[32m&amp#27;[1mTest@12345&amp#27;[0m                                                       &amp#27;[90m# StepDefinition.BaseLoginPage.enter_the_valid_password(java.lang.String)&amp#27;[0m
Output3
  &amp#27;[32mAnd &amp#27;[0m&amp#27;[32mclick on login button&amp#27;[0m                                                                     &amp#27;[90m# StepDefinition.BaseLoginPage.click_on_login_button()&amp#27;[0m
Output6
  &amp#27;[32mThen &amp#27;[0m&amp#27;[32muser should lands on the Dashboard page&amp#27;[0m                                                  &amp#27;[90m# StepDefinition.BaseLoginPage.user_should_lands_on_the_dashboard_page()&amp#27;[0m
This Ending ScenarioVerify that registired user login to respective portal with valid credentials
]]></system-out>
  </testcase>
  <testcase name="verify the that user basic details" classname="User registration Form" time="0.022">
    <system-out><![CDATA[
Scenario Outline: verify the that user basic details          &amp#27;[90m# src/test/resources/features/UserRegistrationForm.feature:5&amp#27;[0m
This begining Scenarioverify the that user basic details
Prakash
H N
8722000134
Prakash@gmail.com
  &amp#27;[32mWhen &amp#27;[0m&amp#27;[32muser enter the all valid data to the respective fields&amp#27;[0m &amp#27;[90m# StepDefinition.UserRegistrationForm.user_enter_the_all_valid_data_to_the_respective_field(io.cucumber.datatable.DataTable)&amp#27;[0m
    | FirstName   | Prakash           |
    | LastName    | H N               |
    | PhoneNumber | 8722000134        |
    | Mail Id     | Prakash@gmail.com |
User clicked Continue button
  &amp#27;[32mAnd &amp#27;[0m&amp#27;[32muser click on the continue button&amp#27;[0m                       &amp#27;[90m# StepDefinition.UserRegistrationForm.user_click_on_the_continue_button()&amp#27;[0m
User registered successfully basic details page
  &amp#27;[32mThen &amp#27;[0m&amp#27;[32muser should registered basic details successfully&amp#27;[0m      &amp#27;[90m# StepDefinition.UserRegistrationForm.user_should_login_successfully()&amp#27;[0m
This Ending Scenarioverify the that user basic details
]]></system-out>
  </testcase>
</testsuite>